c:\users\vinri\desktop\spring 2021\openglroot\finalproject-procedaulbuildings\vs2012\openglframework\basiclabproject\x64\debug\vc142.pdb
c:\users\vinri\desktop\spring 2021\openglroot\finalproject-procedaulbuildings\vs2012\openglframework\basiclabproject\x64\debug\vc142.idb
c:\users\vinri\desktop\spring 2021\openglroot\finalproject-procedaulbuildings\vs2012\openglframework\basiclabproject\x64\debug\visualiser.obj
c:\users\vinri\desktop\spring 2021\openglroot\finalproject-procedaulbuildings\vs2012\openglframework\basiclabproject\x64\debug\vector3d.obj
c:\users\vinri\desktop\spring 2021\openglroot\finalproject-procedaulbuildings\vs2012\openglframework\basiclabproject\x64\debug\textures.obj
c:\users\vinri\desktop\spring 2021\openglroot\finalproject-procedaulbuildings\vs2012\openglframework\basiclabproject\x64\debug\shapetree.obj
c:\users\vinri\desktop\spring 2021\openglroot\finalproject-procedaulbuildings\vs2012\openglframework\basiclabproject\x64\debug\shape.obj
c:\users\vinri\desktop\spring 2021\openglroot\finalproject-procedaulbuildings\vs2012\openglframework\basiclabproject\x64\debug\parser.obj
c:\users\vinri\desktop\spring 2021\openglroot\finalproject-procedaulbuildings\vs2012\openglframework\basiclabproject\x64\debug\main.obj
c:\users\vinri\desktop\spring 2021\openglroot\finalproject-procedaulbuildings\vs2012\openglframework\basiclabproject\x64\debug\vec3.obj
c:\users\vinri\desktop\spring 2021\openglroot\finalproject-procedaulbuildings\vs2012\openglframework\basiclabproject\x64\debug\geometry.obj
c:\users\vinri\desktop\spring 2021\openglroot\finalproject-procedaulbuildings - copy\vs2012\openglframework\basiclabproject\x64\debug\vc142.pdb
c:\users\vinri\desktop\spring 2021\openglroot\finalproject-procedaulbuildings - copy\vs2012\openglframework\basiclabproject\x64\debug\vc142.idb
c:\users\vinri\desktop\spring 2021\openglroot\finalproject-procedaulbuildings - copy\vs2012\openglframework\basiclabproject\x64\debug\visualiser.obj
c:\users\vinri\desktop\spring 2021\openglroot\finalproject-procedaulbuildings - copy\vs2012\openglframework\basiclabproject\x64\debug\vec3.obj
c:\users\vinri\desktop\spring 2021\openglroot\finalproject-procedaulbuildings - copy\vs2012\openglframework\basiclabproject\x64\debug\textures.obj
c:\users\vinri\desktop\spring 2021\openglroot\finalproject-procedaulbuildings - copy\vs2012\openglframework\basiclabproject\x64\debug\shapetree.obj
c:\users\vinri\desktop\spring 2021\openglroot\finalproject-procedaulbuildings - copy\vs2012\openglframework\basiclabproject\x64\debug\geometry.obj
c:\users\vinri\desktop\spring 2021\openglroot\finalproject-procedaulbuildings - copy\vs2012\openglframework\basiclabproject\x64\debug\parser.obj
c:\users\vinri\desktop\spring 2021\openglroot\finalproject-procedaulbuildings - copy\vs2012\openglframework\basiclabproject\x64\debug\main.obj
c:\users\vinri\desktop\spring 2021\openglroot\finalproject-procedaulbuildings\vs2012\openglframework\x64\debug\basiclabproject.exe
c:\users\vinri\desktop\spring 2021\openglroot\finalproject-procedaulbuildings\vs2012\openglframework\x64\debug\basiclabproject.ilk
c:\users\vinri\desktop\spring 2021\openglroot\finalproject-procedaulbuildings\vs2012\openglframework\x64\debug\basiclabproject.pdb
c:\users\vinri\desktop\spring 2021\openglroot\finalproject-procedaulbuildings - copy\vs2012\openglframework\x64\debug\basiclabproject.exe
c:\users\vinri\desktop\spring 2021\openglroot\finalproject-procedaulbuildings - copy\vs2012\openglframework\x64\debug\basiclabproject.ilk
c:\users\vinri\desktop\spring 2021\openglroot\finalproject-procedaulbuildings - copy\vs2012\openglframework\x64\debug\basiclabproject.pdb
c:\users\vinri\desktop\spring 2021\openglroot\finalproject-procedaulbuildings - copy\vs2012\openglframework\basiclabproject\x64\debug\shape.obj
c:\users\vinri\desktop\spring 2021\openglroot\finalproject-procedaulbuildings - copy\vs2012\openglframework\basiclabproject\x64\debug\vector3d.obj
c:\users\vinri\desktop\spring 2021\openglroot\finalproject-procedaulbuildings - copy\vs2012\openglframework\basiclabproject\x64\debug\basiclabproject.tlog\cl.command.1.tlog
c:\users\vinri\desktop\spring 2021\openglroot\finalproject-procedaulbuildings - copy\vs2012\openglframework\basiclabproject\x64\debug\basiclabproject.tlog\cl.read.1.tlog
c:\users\vinri\desktop\spring 2021\openglroot\finalproject-procedaulbuildings - copy\vs2012\openglframework\basiclabproject\x64\debug\basiclabproject.tlog\cl.write.1.tlog
c:\users\vinri\desktop\spring 2021\openglroot\finalproject-procedaulbuildings - copy\vs2012\openglframework\basiclabproject\x64\debug\basiclabproject.tlog\link.command.1.tlog
c:\users\vinri\desktop\spring 2021\openglroot\finalproject-procedaulbuildings - copy\vs2012\openglframework\basiclabproject\x64\debug\basiclabproject.tlog\link.read.1.tlog
c:\users\vinri\desktop\spring 2021\openglroot\finalproject-procedaulbuildings - copy\vs2012\openglframework\basiclabproject\x64\debug\basiclabproject.tlog\link.write.1.tlog
