  Main.cpp
  Parser.cpp
C:\Users\vinri\Desktop\Spring 2021\OpenGLRoot\FinalProject-ProcedaulBuildings - Copy\VS2012\OpenGLFramework\BasicLabProject\Parser.cpp(79,13): warning C4244: 'initializing': conversion from 'float' to 'int', possible loss of data
C:\Users\vinri\Desktop\Spring 2021\OpenGLRoot\FinalProject-ProcedaulBuildings - Copy\VS2012\OpenGLFramework\BasicLabProject\Parser.cpp(129,13): warning C4244: 'initializing': conversion from 'float' to 'int', possible loss of data
C:\Users\vinri\Desktop\Spring 2021\OpenGLRoot\FinalProject-ProcedaulBuildings - Copy\VS2012\OpenGLFramework\BasicLabProject\Parser.cpp(133,53): warning C4244: 'argument': conversion from 'float' to 'int', possible loss of data
C:\Users\vinri\Desktop\Spring 2021\OpenGLRoot\FinalProject-ProcedaulBuildings - Copy\VS2012\OpenGLFramework\BasicLabProject\Parser.cpp(140,13): warning C4244: 'initializing': conversion from 'float' to 'int', possible loss of data
C:\Users\vinri\Desktop\Spring 2021\OpenGLRoot\FinalProject-ProcedaulBuildings - Copy\VS2012\OpenGLFramework\BasicLabProject\Parser.cpp(144,57): warning C4244: 'argument': conversion from 'float' to 'int', possible loss of data
C:\Users\vinri\Desktop\Spring 2021\OpenGLRoot\FinalProject-ProcedaulBuildings - Copy\VS2012\OpenGLFramework\BasicLabProject\Parser.cpp(187,13): warning C4244: 'initializing': conversion from '_Ret' to 'int', possible loss of data
          with
          [
              _Ret=float
          ]
C:\Program Files (x86)\Microsoft Visual Studio\2019\Community\VC\Tools\MSVC\14.28.29333\include\functional(761,27): warning C4244: 'return': conversion from 'double' to '_Rx', possible loss of data
          with
          [
              _Rx=float
          ]
C:\Program Files (x86)\Microsoft Visual Studio\2019\Community\VC\Tools\MSVC\14.28.29333\include\functional(947): message : see reference to function template instantiation '_Rx std::_Invoker_ret<_Rx,false>::_Call<_Callable&,>(_Fx) noexcept(false)' being compiled
          with
          [
              _Rx=float,
              _Callable=Parser::parseArguments::<lambda_58acdc53882b01d7017622c992c0e1d1>,
              _Fx=Parser::parseArguments::<lambda_58acdc53882b01d7017622c992c0e1d1> &
          ]
C:\Program Files (x86)\Microsoft Visual Studio\2019\Community\VC\Tools\MSVC\14.28.29333\include\functional(947): message : see reference to function template instantiation '_Rx std::_Invoker_ret<_Rx,false>::_Call<_Callable&,>(_Fx) noexcept(false)' being compiled
          with
          [
              _Rx=float,
              _Callable=Parser::parseArguments::<lambda_58acdc53882b01d7017622c992c0e1d1>,
              _Fx=Parser::parseArguments::<lambda_58acdc53882b01d7017622c992c0e1d1> &
          ]
C:\Program Files (x86)\Microsoft Visual Studio\2019\Community\VC\Tools\MSVC\14.28.29333\include\functional(946): message : while compiling class template member function '_Rx std::_Func_impl_no_alloc<Parser::parseArguments::<lambda_58acdc53882b01d7017622c992c0e1d1>,_Rx>::_Do_call(void)'
          with
          [
              _Rx=float
          ]
C:\Program Files (x86)\Microsoft Visual Studio\2019\Community\VC\Tools\MSVC\14.28.29333\include\functional(840): message : see reference to class template instantiation 'std::_Func_impl_no_alloc<Parser::parseArguments::<lambda_58acdc53882b01d7017622c992c0e1d1>,_Ret>' being compiled
          with
          [
              _Ret=float
          ]
C:\Program Files (x86)\Microsoft Visual Studio\2019\Community\VC\Tools\MSVC\14.28.29333\include\functional(1037): message : see reference to variable template 'const bool _Is_large<std::_Func_impl_no_alloc<<lambda_58acdc53882b01d7017622c992c0e1d1>,float> >' being compiled
C:\Program Files (x86)\Microsoft Visual Studio\2019\Community\VC\Tools\MSVC\14.28.29333\include\functional(1170): message : see reference to function template instantiation 'void std::_Func_class<_Ret>::_Reset<Parser::parseArguments::<lambda_58acdc53882b01d7017622c992c0e1d1>>(_Fx &&)' being compiled
          with
          [
              _Ret=float,
              _Fx=Parser::parseArguments::<lambda_58acdc53882b01d7017622c992c0e1d1>
          ]
C:\Program Files (x86)\Microsoft Visual Studio\2019\Community\VC\Tools\MSVC\14.28.29333\include\functional(1170): message : see reference to function template instantiation 'void std::_Func_class<_Ret>::_Reset<Parser::parseArguments::<lambda_58acdc53882b01d7017622c992c0e1d1>>(_Fx &&)' being compiled
          with
          [
              _Ret=float,
              _Fx=Parser::parseArguments::<lambda_58acdc53882b01d7017622c992c0e1d1>
          ]
C:\Users\vinri\Desktop\Spring 2021\OpenGLRoot\FinalProject-ProcedaulBuildings - Copy\VS2012\OpenGLFramework\BasicLabProject\Parser.cpp(184): message : see reference to function template instantiation 'std::function<float (void)>::function<Parser::parseArguments::<lambda_58acdc53882b01d7017622c992c0e1d1>,0>(_Fx)' being compiled
          with
          [
              _Fx=Parser::parseArguments::<lambda_58acdc53882b01d7017622c992c0e1d1>
          ]
C:\Users\vinri\Desktop\Spring 2021\OpenGLRoot\FinalProject-ProcedaulBuildings - Copy\VS2012\OpenGLFramework\BasicLabProject\Parser.cpp(184): message : see reference to function template instantiation 'std::function<float (void)>::function<Parser::parseArguments::<lambda_58acdc53882b01d7017622c992c0e1d1>,0>(_Fx)' being compiled
          with
          [
              _Fx=Parser::parseArguments::<lambda_58acdc53882b01d7017622c992c0e1d1>
          ]
  Geometry.cpp
C:\Users\vinri\Desktop\Spring 2021\OpenGLRoot\FinalProject-ProcedaulBuildings - Copy\VS2012\OpenGLFramework\BasicLabProject\Geometry.cpp(7,40): warning C4305: 'initializing': truncation from 'double' to 'float'
C:\Users\vinri\Desktop\Spring 2021\OpenGLRoot\FinalProject-ProcedaulBuildings - Copy\VS2012\OpenGLFramework\BasicLabProject\Geometry.cpp(30,17): warning C4244: 'initializing': conversion from 'double' to 'float', possible loss of data
  ShapeTree.cpp
  Textures.cpp
  Vec3.cpp
  Visualiser.cpp
C:\Users\vinri\Desktop\Spring 2021\OpenGLRoot\FinalProject-ProcedaulBuildings - Copy\VS2012\OpenGLFramework\BasicLabProject\Visualiser.cpp(15,51): warning C4305: 'initializing': truncation from 'double' to 'float'
C:\Users\vinri\Desktop\Spring 2021\OpenGLRoot\FinalProject-ProcedaulBuildings - Copy\VS2012\OpenGLFramework\BasicLabProject\Visualiser.cpp(188,28): warning C4244: '=': conversion from 'int' to 'float', possible loss of data
C:\Users\vinri\Desktop\Spring 2021\OpenGLRoot\FinalProject-ProcedaulBuildings - Copy\VS2012\OpenGLFramework\BasicLabProject\Visualiser.cpp(190,54): warning C4244: '-=': conversion from 'double' to 'float', possible loss of data
C:\Users\vinri\Desktop\Spring 2021\OpenGLRoot\FinalProject-ProcedaulBuildings - Copy\VS2012\OpenGLFramework\BasicLabProject\Visualiser.cpp(191,55): warning C4244: '-=': conversion from 'double' to 'float', possible loss of data
C:\Users\vinri\Desktop\Spring 2021\OpenGLRoot\FinalProject-ProcedaulBuildings - Copy\VS2012\OpenGLFramework\BasicLabProject\Visualiser.cpp(195,28): warning C4244: '=': conversion from 'int' to 'float', possible loss of data
C:\Users\vinri\Desktop\Spring 2021\OpenGLRoot\FinalProject-ProcedaulBuildings - Copy\VS2012\OpenGLFramework\BasicLabProject\Visualiser.cpp(197,54): warning C4244: '+=': conversion from 'double' to 'float', possible loss of data
C:\Users\vinri\Desktop\Spring 2021\OpenGLRoot\FinalProject-ProcedaulBuildings - Copy\VS2012\OpenGLFramework\BasicLabProject\Visualiser.cpp(198,55): warning C4244: '+=': conversion from 'double' to 'float', possible loss of data
C:\Users\vinri\Desktop\Spring 2021\OpenGLRoot\FinalProject-ProcedaulBuildings - Copy\VS2012\OpenGLFramework\BasicLabProject\Visualiser.cpp(205,28): warning C4244: '=': conversion from 'int' to 'float', possible loss of data
C:\Users\vinri\Desktop\Spring 2021\OpenGLRoot\FinalProject-ProcedaulBuildings - Copy\VS2012\OpenGLFramework\BasicLabProject\Visualiser.cpp(207,54): warning C4244: '-=': conversion from 'double' to 'float', possible loss of data
C:\Users\vinri\Desktop\Spring 2021\OpenGLRoot\FinalProject-ProcedaulBuildings - Copy\VS2012\OpenGLFramework\BasicLabProject\Visualiser.cpp(208,55): warning C4244: '-=': conversion from 'double' to 'float', possible loss of data
C:\Users\vinri\Desktop\Spring 2021\OpenGLRoot\FinalProject-ProcedaulBuildings - Copy\VS2012\OpenGLFramework\BasicLabProject\Visualiser.cpp(238,10): warning C4473: 'printf' : not enough arguments passed for format string
C:\Users\vinri\Desktop\Spring 2021\OpenGLRoot\FinalProject-ProcedaulBuildings - Copy\VS2012\OpenGLFramework\BasicLabProject\Visualiser.cpp(238,10): message : placeholders and their parameters expect 3 variadic arguments, but 2 were provided
C:\Users\vinri\Desktop\Spring 2021\OpenGLRoot\FinalProject-ProcedaulBuildings - Copy\VS2012\OpenGLFramework\BasicLabProject\Visualiser.cpp(238,10): message : the missing variadic argument 3 is required by format string '%2.2f'
  Generating Code...
  BasicLabProject.vcxproj -> C:\Users\vinri\Desktop\Spring 2021\OpenGLRoot\FinalProject-ProcedaulBuildings - Copy\VS2012\OpenGLFramework\x64\Debug\BasicLabProject.exe
